Arguments: 
  /usr/local/bin/node /usr/local/bin/yarn add classnames

PATH: 
  /usr/local/opt/node@10/bin:/usr/local/bin:/usr/local/sbin:/usr/local/bin:/usr/bin:/bin:/usr/sbin:/sbin:/usr/local/opt/node@10/bin:/usr/local/sbin

Yarn version: 
  1.22.10

Node version: 
  10.24.1

Platform: 
  darwin x64

Trace: 
  Error: getaddrinfo ENOTFOUND npm-registry.qunhequnhe.com npm-registry.qunhequnhe.com:80
      at GetAddrInfoReqWrap.onlookup [as oncomplete] (dns.js:56:26)

npm manifest: 
  {
    "name": "life-restart",
    "version": "1.0.0",
    "private": true,
    "description": "人生轮回模拟器",
    "templateInfo": {
      "name": "taro-ui",
      "typescript": true,
      "css": "sass"
    },
    "scripts": {
      "build:weapp": "taro build --type weapp",
      "build:swan": "taro build --type swan",
      "build:alipay": "taro build --type alipay",
      "build:tt": "taro build --type tt",
      "build:h5": "taro build --type h5",
      "build:rn": "taro build --type rn",
      "build:qq": "taro build --type qq",
      "build:jd": "taro build --type jd",
      "build:quickapp": "taro build --type quickapp",
      "dev:weapp": "npm run build:weapp -- --watch",
      "dev:swan": "npm run build:swan -- --watch",
      "dev:alipay": "npm run build:alipay -- --watch",
      "dev:tt": "npm run build:tt -- --watch",
      "dev:h5": "npm run build:h5 -- --watch",
      "dev:rn": "npm run build:rn -- --watch",
      "dev:qq": "npm run build:qq -- --watch",
      "dev:jd": "npm run build:jd -- --watch",
      "dev:quickapp": "npm run build:quickapp -- --watch",
      "dev": "yarn dev:weapp"
    },
    "browserslist": [
      "last 3 versions",
      "Android >= 4.1",
      "ios >= 8"
    ],
    "author": "",
    "dependencies": {
      "@babel/runtime": "^7.7.7",
      "@tarojs/cli": "3.3.7",
      "@tarojs/components": "3.3.7",
      "@tarojs/runtime": "3.3.7",
      "@tarojs/taro": "3.3.7",
      "lodash": "4.17.15",
      "@tarojs/react": "3.3.7",
      "react": "^17.0.0",
      "react-dom": "^17.0.0",
      "taro-ui": "^3.0.0-alpha.3"
    },
    "devDependencies": {
      "@babel/core": "^7.8.0",
      "@tarojs/mini-runner": "3.3.7",
      "@tarojs/webpack-runner": "3.3.7",
      "@types/react": "^17.0.2",
      "@types/webpack-env": "^1.13.6",
      "@typescript-eslint/eslint-plugin": "^4.15.1",
      "@typescript-eslint/parser": "^4.15.1",
      "babel-preset-taro": "3.3.7",
      "eslint": "^6.8.0",
      "eslint-config-taro": "3.3.7",
      "eslint-plugin-import": "^2.12.0",
      "eslint-plugin-react": "^7.8.2",
      "eslint-plugin-react-hooks": "^4.2.0",
      "stylelint": "9.3.0",
      "typescript": "^4.1.0"
    }
  }

yarn manifest: 
  No manifest

Lockfile: 
  No lockfile
